<?xml version="1.0" encoding="UTF-8"?>
<!-- Generated by org.testng.reporters.JUnitXMLReporter -->
<testsuite hostname="DESKTOP-165ABPJ" name="SMS Module" tests="1" failures="0" timestamp="6 Nov 2020 08:02:32 GMT" time="2.48" errors="0">
  <testcase name="@BeforeClass setUp" time="0.0" classname="com.plumb5.sms.testcases.TC_12_SMS_ManageCampaigns_CreateTemplate">
    <failure type="java.lang.NullPointerException">
      <![CDATA[java.lang.NullPointerException
	at com.aventstack.extentreports.reporter.converters.ExtentHtmlLogConverter.getTimestamp(ExtentHtmlLogConverter.java:73)
	at com.aventstack.extentreports.reporter.converters.ExtentHtmlLogConverter.addLogsFromPreExistingMarkup(ExtentHtmlLogConverter.java:55)
	at com.aventstack.extentreports.reporter.converters.ExtentHtmlLogConverter.addHtmlLogsToParent(ExtentHtmlLogConverter.java:39)
	at com.aventstack.extentreports.reporter.converters.ExtentHtmlLogConverter.parseAndAddLogsToTest(ExtentHtmlLogConverter.java:27)
	at com.aventstack.extentreports.reporter.converters.ExtentHtmlTestConverter.buildStandardTestDeps(ExtentHtmlTestConverter.java:111)
	at com.aventstack.extentreports.reporter.converters.ExtentHtmlTestConverter.parseAndGetTest(ExtentHtmlTestConverter.java:77)
	at com.aventstack.extentreports.reporter.converters.ExtentHtmlTestConverter.parseAndGetTests(ExtentHtmlTestConverter.java:52)
	at com.aventstack.extentreports.reporter.converters.ExtentHtmlReporterConverter.parseAndGetModelCollection(ExtentHtmlReporterConverter.java:17)
	at com.aventstack.extentreports.reporter.ExtentHtmlReporter.parseReportBuildTestCollection(ExtentHtmlReporter.java:114)
	at com.aventstack.extentreports.reporter.ExtentHtmlReporter.start(ExtentHtmlReporter.java:105)
	at com.aventstack.extentreports.Report.attach(Report.java:54)
	at java.util.Spliterators$ArraySpliterator.forEachRemaining(Unknown Source)
	at java.util.stream.ReferencePipeline$Head.forEach(Unknown Source)
	at com.aventstack.extentreports.ExtentReports.attachReporter(ExtentReports.java:66)
	at base.BaseClass.setUp(BaseClass.java:67)
... Removed 24 stack frames]]>
    </failure>
  </testcase> <!-- @BeforeClass setUp -->
  <testcase name="@AfterMethod checkResult" time="0.0" classname="com.plumb5.sms.testcases.TC_12_SMS_ManageCampaigns_CreateTemplate">
    <failure type="org.testng.internal.thread.ThreadExecutionException" message="org.testng.internal.InvokeMethodRunnable$TestNGRuntimeException: java.lang.NullPointerException">
      <![CDATA[org.testng.internal.thread.ThreadExecutionException: org.testng.internal.InvokeMethodRunnable$TestNGRuntimeException: java.lang.NullPointerException
	at java.util.concurrent.Executors$RunnableAdapter.call(Unknown Source)
	at java.util.concurrent.FutureTask.run(Unknown Source)
	at java.util.concurrent.ThreadPoolExecutor.runWorker(Unknown Source)
	at java.util.concurrent.ThreadPoolExecutor$Worker.run(Unknown Source)
	at java.lang.Thread.run(Unknown Source)
Caused by: java.lang.NullPointerException
	at base.BaseClass.checkResult(BaseClass.java:135)
	... 6 more
... Removed 34 stack frames]]>
    </failure>
  </testcase> <!-- @AfterMethod checkResult -->
  <testcase name="@AfterClass tearDown" time="0.0" classname="com.plumb5.sms.testcases.TC_12_SMS_ManageCampaigns_CreateTemplate">
    <skipped/>
  </testcase> <!-- @AfterClass tearDown -->
  <testcase name="Create_Group" time="0.004" classname="com.plumb5.sms.testcases.TC_12_SMS_ManageCampaigns_CreateTemplate">
    <skipped/>
  </testcase> <!-- Create_Group -->
</testsuite> <!-- SMS Module -->
